<?xml version="1.0" encoding="UTF-8"?><testsuite failures="0" name="cucumber.runtime.formatter.JUnitFormatter" skipped="0" tests="2" time="23.815578">
<testcase classname="Lookup a definition" name="Looking up the definition of 'apple'" time="22.456886">
<system-out><![CDATA[Given the user is on the Wikionary home page................................passed
When the user looks up the definition of the word 'apple'...................passed
Then they should see the definition 'A common, round fruit produced by the tree Malus domestica, cultivated in temperate climates.'.passed
]]></system-out>
</testcase>
<testcase classname="Lookup a definition" name="Looking up the definition of 'pear'" time="1.358692">
<system-out><![CDATA[Given the user is on the Wikionary home page................................passed
When the user looks up the definition of the word 'pear'....................passed
Then they should see the definition 'An edible fruit produced by the pear tree, similar to an apple but elongated towards the stem.'.passed
]]></system-out>
</testcase>
</testsuite>
